{"/home/johannes/code/test/toolbox-frontend/src/config/httpService.js": {"path":"/home/johannes/code/test/toolbox-frontend/src/config/httpService.js","statementMap":{"0":{"start":{"line":7,"column":24},"end":{"line":7,"column":47}},"1":{"start":{"line":19,"column":20},"end":{"line":24,"column":1}}},"fnMap":{},"branchMap":{},"s":{"0":3,"1":3},"f":{},"b":{},"_coverageSchema":"1a1c01bbd47fc00a2c39e90264f33305004495a9","hash":"eb80f4cecf6d5479fd0d37b3c525458b760c2b94"}
,"/home/johannes/code/test/toolbox-frontend/src/services/files/filesServices.js": {"path":"/home/johannes/code/test/toolbox-frontend/src/services/files/filesServices.js","statementMap":{"0":{"start":{"line":13,"column":27},"end":{"line":21,"column":1}},"1":{"start":{"line":14,"column":2},"end":{"line":20,"column":3}},"2":{"start":{"line":15,"column":21},"end":{"line":15,"column":61}},"3":{"start":{"line":16,"column":4},"end":{"line":16,"column":26}},"4":{"start":{"line":17,"column":4},"end":{"line":17,"column":25}},"5":{"start":{"line":19,"column":4},"end":{"line":19,"column":60}},"6":{"start":{"line":33,"column":37},"end":{"line":43,"column":1}},"7":{"start":{"line":34,"column":2},"end":{"line":42,"column":3}},"8":{"start":{"line":35,"column":21},"end":{"line":37,"column":6}},"9":{"start":{"line":38,"column":4},"end":{"line":38,"column":46}},"10":{"start":{"line":39,"column":4},"end":{"line":39,"column":25}},"11":{"start":{"line":41,"column":4},"end":{"line":41,"column":65}}},"fnMap":{"0":{"name":"(anonymous_0)","decl":{"start":{"line":13,"column":27},"end":{"line":13,"column":28}},"loc":{"start":{"line":13,"column":39},"end":{"line":21,"column":1}},"line":13},"1":{"name":"(anonymous_1)","decl":{"start":{"line":33,"column":37},"end":{"line":33,"column":38}},"loc":{"start":{"line":33,"column":62},"end":{"line":43,"column":1}},"line":33}},"branchMap":{"0":{"loc":{"start":{"line":33,"column":44},"end":{"line":33,"column":57}},"type":"default-arg","locations":[{"start":{"line":33,"column":55},"end":{"line":33,"column":57}}],"line":33}},"s":{"0":3,"1":2,"2":2,"3":1,"4":1,"5":1,"6":3,"7":4,"8":4,"9":2,"10":2,"11":2},"f":{"0":2,"1":4},"b":{"0":[2]},"_coverageSchema":"1a1c01bbd47fc00a2c39e90264f33305004495a9","hash":"3baa40661a3d495f1d3c17d4d072c7e98e19b268"}
,"/home/johannes/code/test/toolbox-frontend/src/utils/hooks/useGetAllFiles.js": {"path":"/home/johannes/code/test/toolbox-frontend/src/utils/hooks/useGetAllFiles.js","statementMap":{"0":{"start":{"line":16,"column":17},"end":{"line":43,"column":1}},"1":{"start":{"line":17,"column":36},"end":{"line":17,"column":48}},"2":{"start":{"line":18,"column":50},"end":{"line":18,"column":64}},"3":{"start":{"line":19,"column":46},"end":{"line":19,"column":60}},"4":{"start":{"line":21,"column":2},"end":{"line":40,"column":9}},"5":{"start":{"line":22,"column":23},"end":{"line":37,"column":5}},"6":{"start":{"line":23,"column":6},"end":{"line":36,"column":7}},"7":{"start":{"line":24,"column":21},"end":{"line":24,"column":40}},"8":{"start":{"line":25,"column":8},"end":{"line":31,"column":9}},"9":{"start":{"line":26,"column":10},"end":{"line":26,"column":29}},"10":{"start":{"line":27,"column":10},"end":{"line":27,"column":37}},"11":{"start":{"line":29,"column":10},"end":{"line":29,"column":67}},"12":{"start":{"line":30,"column":10},"end":{"line":30,"column":37}},"13":{"start":{"line":33,"column":8},"end":{"line":33,"column":71}},"14":{"start":{"line":35,"column":8},"end":{"line":35,"column":35}},"15":{"start":{"line":39,"column":4},"end":{"line":39,"column":17}},"16":{"start":{"line":42,"column":2},"end":{"line":42,"column":57}}},"fnMap":{"0":{"name":"(anonymous_0)","decl":{"start":{"line":16,"column":17},"end":{"line":16,"column":18}},"loc":{"start":{"line":16,"column":23},"end":{"line":43,"column":1}},"line":16},"1":{"name":"(anonymous_1)","decl":{"start":{"line":21,"column":12},"end":{"line":21,"column":13}},"loc":{"start":{"line":21,"column":18},"end":{"line":40,"column":3}},"line":21},"2":{"name":"(anonymous_2)","decl":{"start":{"line":22,"column":23},"end":{"line":22,"column":24}},"loc":{"start":{"line":22,"column":35},"end":{"line":37,"column":5}},"line":22}},"branchMap":{"0":{"loc":{"start":{"line":25,"column":8},"end":{"line":31,"column":9}},"type":"if","locations":[{"start":{"line":25,"column":8},"end":{"line":31,"column":9}},{"start":{"line":28,"column":15},"end":{"line":31,"column":9}}],"line":25}},"s":{"0":1,"1":15,"2":15,"3":15,"4":15,"5":4,"6":4,"7":4,"8":3,"9":1,"10":1,"11":2,"12":2,"13":1,"14":4,"15":4,"16":15},"f":{"0":15,"1":4,"2":4},"b":{"0":[1,2]},"_coverageSchema":"1a1c01bbd47fc00a2c39e90264f33305004495a9","hash":"185ca8a60fe8f8a0d0bd74b278dce3014b50add0"}
}
