TN:
SF:src/config/httpService.js
FNF:0
FNH:0
DA:7,3
DA:19,3
LF:2
LH:2
BRF:0
BRH:0
end_of_record
TN:
SF:src/services/files/filesServices.js
FN:13,(anonymous_0)
FN:33,(anonymous_1)
FNF:2
FNH:2
FNDA:2,(anonymous_0)
FNDA:4,(anonymous_1)
DA:13,3
DA:14,2
DA:15,2
DA:16,1
DA:17,1
DA:19,1
DA:33,3
DA:34,4
DA:35,4
DA:38,2
DA:39,2
DA:41,2
LF:12
LH:12
BRDA:33,0,0,2
BRF:1
BRH:1
end_of_record
TN:
SF:src/utils/hooks/useGetAllFiles.js
FN:16,(anonymous_0)
FN:21,(anonymous_1)
FN:22,(anonymous_2)
FNF:3
FNH:3
FNDA:15,(anonymous_0)
FNDA:4,(anonymous_1)
FNDA:4,(anonymous_2)
DA:16,1
DA:17,15
DA:18,15
DA:19,15
DA:21,15
DA:22,4
DA:23,4
DA:24,4
DA:25,3
DA:26,1
DA:27,1
DA:29,2
DA:30,2
DA:33,1
DA:35,4
DA:39,4
DA:42,15
LF:17
LH:17
BRDA:25,0,0,1
BRDA:25,0,1,2
BRF:2
BRH:2
end_of_record
